<?xml version="1.0" encoding="UTF-8"?>
<testng-results ignored="0" total="2" passed="2" failed="0" skipped="0">
  <reporter-output>
  </reporter-output>
  <suite started-at="2025-08-22T11:19:33 IST" name="My Suite" finished-at="2025-08-22T11:19:33 IST" duration-ms="65">
    <groups>
    </groups>
    <test started-at="2025-08-22T11:19:33 IST" name="Tests" finished-at="2025-08-22T11:19:33 IST" duration-ms="65">
      <class name="sel_day30.TestTransformer">
        <test-method signature="testTransformer()[pri:0, instance:sel_day30.TestTransformer@2a7f1f10]" started-at="2025-08-22T11:19:33 IST" name="testTransformer" finished-at="2025-08-22T11:19:33 IST" duration-ms="10" status="PASS">
          <reporter-output>
          </reporter-output>
        </test-method> <!-- testTransformer -->
        <test-method signature="testTransformer()[pri:0, instance:sel_day30.TestTransformer@2a7f1f10]" started-at="2025-08-22T11:19:33 IST" name="testTransformer" finished-at="2025-08-22T11:19:33 IST" duration-ms="1" status="PASS">
          <reporter-output>
          </reporter-output>
        </test-method> <!-- testTransformer -->
      </class> <!-- sel_day30.TestTransformer -->
    </test> <!-- Tests -->
  </suite> <!-- My Suite -->
</testng-results>
