<?xml version="1.0" encoding="UTF-8"?>
<!-- Generated by org.testng.reporters.JUnitXMLReporter -->
<testsuite ignored="2" hostname="LAPTOP-J9T0DEHG" failures="1" tests="1" name="SmokeTests" time="0.113" errors="0" timestamp="2025-08-20T15:28:33 IST">
  <testcase classname="sel_day28.Ecom" name="testTitle" time="0.015">
    <failure type="java.lang.NullPointerException" message="Cannot invoke &amp;quot;org.openqa.selenium.WebDriver.getTitle()&amp;quot; because &amp;quot;this.driver&amp;quot; is null">
      <![CDATA[java.lang.NullPointerException: Cannot invoke "org.openqa.selenium.WebDriver.getTitle()" because "this.driver" is null
at sel_day28.Ecom.testTitle(Ecom.java:24)
at java.base/java.util.ArrayList.forEach(ArrayList.java:1511)
... Removed 27 stack frames]]>
    </failure>
  </testcase> <!-- testTitle -->
  <testcase classname="sel_day28.Ecom" name="testCart" time="0.0">
    <ignored/>
  </testcase> <!-- testCart -->
  <testcase classname="sel_day28.Ecom" name="testSearch" time="0.0">
    <ignored/>
  </testcase> <!-- testSearch -->
</testsuite> <!-- SmokeTests -->
