<?xml version="1.0" encoding="UTF-8"?>
<!-- Generated by org.testng.reporters.JUnitXMLReporter -->
<testsuite ignored="2" hostname="LAPTOP-J9T0DEHG" failures="0" tests="1" name="Setup + Smoke Tests" time="9.179" errors="0" timestamp="2025-08-20T16:26:29 IST">
  <testcase classname="sel_day28.Ecom" name="testTitle" time="0.057"/>
  <testcase classname="sel_day28.Ecom" name="testCart" time="0.0">
    <ignored/>
  </testcase> <!-- testCart -->
  <testcase classname="sel_day28.Ecom" name="testSearch" time="0.0">
    <ignored/>
  </testcase> <!-- testSearch -->
</testsuite> <!-- Setup + Smoke Tests -->
