<?xml version="1.0" encoding="UTF-8"?>
<!-- Generated by org.testng.reporters.JUnitXMLReporter -->
<testsuite ignored="1" hostname="LAPTOP-J9T0DEHG" failures="0" tests="2" name="Setup + Regression Tests" time="13.203" errors="0" timestamp="2025-08-20T16:27:36 IST">
  <testcase classname="sel_day28.Ecom" name="testCart" time="0.012"/>
  <testcase classname="sel_day28.Ecom" name="testSearch" time="5.361"/>
  <testcase classname="sel_day28.Ecom" name="testTitle" time="0.0">
    <ignored/>
  </testcase> <!-- testTitle -->
</testsuite> <!-- Setup + Regression Tests -->
