<?xml version="1.0" encoding="UTF-8"?>
<!-- Generated by org.testng.reporters.JUnitXMLReporter -->
<testsuite ignored="2" hostname="LAPTOP-J9T0DEHG" failures="0" tests="1" name="Smoke Tests" time="4.959" errors="0" timestamp="2025-08-20T16:29:49 IST">
  <testcase classname="sel_day28.Ecom" name="testTitle" time="0.037"/>
  <testcase classname="sel_day28.Ecom" name="testSearch" time="0.0">
    <ignored/>
  </testcase> <!-- testSearch -->
  <testcase classname="sel_day28.Ecom" name="testCart" time="0.0">
    <ignored/>
  </testcase> <!-- testCart -->
</testsuite> <!-- Smoke Tests -->
