<?xml version="1.0" encoding="UTF-8"?>
<!-- Generated by org.testng.reporters.JUnitXMLReporter -->
<testsuite ignored="0" hostname="LAPTOP-J9T0DEHG" failures="0" tests="3" name="Smoke + Regression Tests" time="7.671" errors="0" timestamp="2025-08-20T16:43:28 IST">
  <testcase classname="sel_day28.Ecom" name="testCart" time="0.005"/>
  <testcase classname="sel_day28.Ecom" name="testSearch" time="3.626"/>
  <testcase classname="sel_day28.Ecom" name="testTitle" time="0.013"/>
</testsuite> <!-- Smoke + Regression Tests -->
